<?xml version="1.0" encoding="UTF-8"?>
<testng-results ignored="0" total="1" passed="1" failed="0" skipped="0">
  <reporter-output>
  </reporter-output>
  <suite started-at="2024-02-22T16:05:04 IST" name="Default suite" finished-at="2024-02-22T16:07:43 IST" duration-ms="158491">
    <groups>
    </groups>
    <test started-at="2024-02-22T16:05:04 IST" name="Default test" finished-at="2024-02-22T16:07:43 IST" duration-ms="158491">
      <class name="Entratasite.testClass">
        <test-method is-config="true" signature="launchUrl()[pri:0, instance:Entratasite.testClass@3bb9a3ff]" started-at="2024-02-22T16:05:04 IST" name="launchUrl" finished-at="2024-02-22T16:05:56 IST" duration-ms="52034" status="PASS">
          <reporter-output>
          </reporter-output>
        </test-method> <!-- launchUrl -->
        <test-method is-config="true" signature="homepage()[pri:0, instance:Entratasite.testClass@3bb9a3ff]" started-at="2024-02-22T16:05:56 IST" name="homepage" finished-at="2024-02-22T16:05:56 IST" duration-ms="2" status="PASS">
          <reporter-output>
          </reporter-output>
        </test-method> <!-- homepage -->
        <test-method signature="HomePagetst()[pri:0, instance:Entratasite.testClass@3bb9a3ff]" started-at="2024-02-22T16:05:56 IST" name="HomePagetst" finished-at="2024-02-22T16:07:27 IST" duration-ms="90665" status="PASS">
          <reporter-output>
          </reporter-output>
        </test-method> <!-- HomePagetst -->
        <test-method is-config="true" signature="backtoHomepage()[pri:0, instance:Entratasite.testClass@3bb9a3ff]" started-at="2024-02-22T16:07:27 IST" name="backtoHomepage" finished-at="2024-02-22T16:07:27 IST" duration-ms="2" status="PASS">
          <reporter-output>
          </reporter-output>
        </test-method> <!-- backtoHomepage -->
        <test-method is-config="true" signature="quitBrowser()[pri:0, instance:Entratasite.testClass@3bb9a3ff]" started-at="2024-02-22T16:07:27 IST" name="quitBrowser" finished-at="2024-02-22T16:07:43 IST" duration-ms="15546" status="PASS">
          <reporter-output>
          </reporter-output>
        </test-method> <!-- quitBrowser -->
      </class> <!-- Entratasite.testClass -->
    </test> <!-- Default test -->
  </suite> <!-- Default suite -->
</testng-results>
